Build started 10/26/2014 7:27:11 PM.
     1>Project "C:\Users\Mike\Documents\Comp465\OpenGL\VS2013\GitRepo\COMP465-project1\ManyCubes\ManyCubes.vcxproj" on node 2 (Build target(s)).
     1>ClCompile:
         C:\Program Files (x86)\Microsoft Visual Studio 12.0\VC\bin\CL.exe /c /ZI /nologo /W3 /WX- /sdl /Od /Oy- /D _CRT_SECURE_NO_DEPRECATE /D _MBCS /Gm /EHsc /RTC1 /MDd /GS /fp:precise /Zc:wchar_t /Zc:forScope /Fo"Debug\\" /Fd"Debug\vc120.pdb" /Gd /TP /analyze- /errorReport:prompt manyCubes.cpp
         manyCubes.cpp
         GLM: Windows platform detected
         GLM: Visual C++ compiler detected
         GLM: 32 bits model
         GLM: C++ with language extensions
         GLM: #define GLM_FORCE_CXX98, GLM_FORCE_CXX03, GLM_LANG_CXX11 or GLM_FORCE_CXX1Y to force using a specific version of the C++ language
         GLM: SSE2 instruction set
         GLM: #define GLM_FORCE_PURE to avoid using platform specific instruction sets
         GLM: Swizzling operators disabled, #define GLM_SWIZZLE to enable swizzle operators
         GLM: .length() returns glm::length_t, a typedef of int following the GLSL specification
         GLM: #define GLM_FORCE_SIZE_T_LENGTH for .length() to return a std::size_t
         GLM: Core library included
         GLM: GLM_GTC_constants extension included
         GLM: GLM_GTC_matrix_transform extension included
         GLM: GLM_GTC_quaternion extension included
         GLM: GLM_GTC_type_ptr extension included
     1>c:\users\mike\documents\comp465\opengl\vs2013\gitrepo\comp465-project1\manycubes\manycubes.cpp(130): error C2664: 'Planet::Planet(const Planet &)' : cannot convert argument 4 from 'Shape3D *' to 'Planet *'
                 Types pointed to are unrelated; conversion requires reinterpret_cast, C-style cast or function-style cast
     1>c:\users\mike\documents\comp465\opengl\vs2013\gitrepo\comp465-project1\manycubes\manycubes.cpp(131): error C2664: 'Planet::Planet(const Planet &)' : cannot convert argument 4 from 'Shape3D *' to 'Planet *'
                 Types pointed to are unrelated; conversion requires reinterpret_cast, C-style cast or function-style cast
     1>c:\users\mike\documents\comp465\opengl\vs2013\gitrepo\comp465-project1\manycubes\manycubes.cpp(139): error C2664: 'Camera::Camera(const Camera &)' : cannot convert argument 4 from 'Shape3D *' to 'Planet *'
                 Types pointed to are unrelated; conversion requires reinterpret_cast, C-style cast or function-style cast
     1>c:\users\mike\documents\comp465\opengl\vs2013\gitrepo\comp465-project1\manycubes\manycubes.cpp(140): error C2664: 'Camera::Camera(const Camera &)' : cannot convert argument 4 from 'Shape3D *' to 'Planet *'
                 Types pointed to are unrelated; conversion requires reinterpret_cast, C-style cast or function-style cast
     1>c:\users\mike\documents\comp465\opengl\vs2013\gitrepo\comp465-project1\manycubes\manycubes.cpp(141): error C2664: 'Camera::Camera(const Camera &)' : cannot convert argument 4 from 'Shape3D *' to 'Planet *'
                 Types pointed to are unrelated; conversion requires reinterpret_cast, C-style cast or function-style cast
     1>c:\users\mike\documents\comp465\opengl\vs2013\gitrepo\comp465-project1\manycubes\manycubes.cpp(142): error C2664: 'Camera::Camera(const Camera &)' : cannot convert argument 4 from 'Shape3D *' to 'Planet *'
                 Types pointed to are unrelated; conversion requires reinterpret_cast, C-style cast or function-style cast
     1>c:\users\mike\documents\comp465\opengl\vs2013\gitrepo\comp465-project1\manycubes\manycubes.cpp(188): error C2039: 'getModelMatrix' : is not a member of 'Shape3D'
                 c:\users\mike\documents\comp465\opengl\vs2013\gitrepo\comp465-project1\manycubes\shape3d.hpp(6) : see declaration of 'Shape3D'
     1>c:\users\mike\documents\comp465\opengl\vs2013\gitrepo\comp465-project1\manycubes\manycubes.cpp(215): error C2039: 'update' : is not a member of 'Shape3D'
                 c:\users\mike\documents\comp465\opengl\vs2013\gitrepo\comp465-project1\manycubes\shape3d.hpp(6) : see declaration of 'Shape3D'
     1>Done Building Project "C:\Users\Mike\Documents\Comp465\OpenGL\VS2013\GitRepo\COMP465-project1\ManyCubes\ManyCubes.vcxproj" (Build target(s)) -- FAILED.

Build FAILED.

Time Elapsed 00:00:00.63
